[2024-07-10T23:19:58.216+0000] {local_task_job_runner.py:120} INFO - ::group::Pre task execution logs
[2024-07-10T23:19:58.226+0000] {taskinstance.py:2076} INFO - Dependencies all met for dep_context=non-requeueable deps ti=<TaskInstance: model_training_v78.preprocess_data scheduled__2024-07-09T00:00:00+00:00 [queued]>
[2024-07-10T23:19:58.231+0000] {taskinstance.py:2076} INFO - Dependencies all met for dep_context=requeueable deps ti=<TaskInstance: model_training_v78.preprocess_data scheduled__2024-07-09T00:00:00+00:00 [queued]>
[2024-07-10T23:19:58.232+0000] {taskinstance.py:2306} INFO - Starting attempt 1 of 2
[2024-07-10T23:19:58.241+0000] {taskinstance.py:2330} INFO - Executing <Task(PythonOperator): preprocess_data> on 2024-07-09 00:00:00+00:00
[2024-07-10T23:19:58.247+0000] {warnings.py:110} WARNING - /home/airflow/.local/lib/python3.12/site-packages/airflow/task/task_runner/standard_task_runner.py:61: DeprecationWarning: This process (pid=6505) is multi-threaded, use of fork() may lead to deadlocks in the child.
  pid = os.fork()

[2024-07-10T23:19:58.248+0000] {standard_task_runner.py:63} INFO - Started process 6526 to run task
[2024-07-10T23:19:58.250+0000] {standard_task_runner.py:90} INFO - Running: ['airflow', 'tasks', 'run', 'model_training_v78', 'preprocess_data', 'scheduled__2024-07-09T00:00:00+00:00', '--job-id', '147', '--raw', '--subdir', 'DAGS_FOLDER/model_training.py', '--cfg-path', '/tmp/tmpvtdugajo']
[2024-07-10T23:19:58.251+0000] {standard_task_runner.py:91} INFO - Job 147: Subtask preprocess_data
[2024-07-10T23:19:58.283+0000] {task_command.py:426} INFO - Running <TaskInstance: model_training_v78.preprocess_data scheduled__2024-07-09T00:00:00+00:00 [running]> on host 95d2f1320dbe
[2024-07-10T23:19:58.337+0000] {taskinstance.py:2648} INFO - Exporting env vars: AIRFLOW_CTX_DAG_OWNER='airflow' AIRFLOW_CTX_DAG_ID='model_training_v78' AIRFLOW_CTX_TASK_ID='preprocess_data' AIRFLOW_CTX_EXECUTION_DATE='2024-07-09T00:00:00+00:00' AIRFLOW_CTX_TRY_NUMBER='1' AIRFLOW_CTX_DAG_RUN_ID='scheduled__2024-07-09T00:00:00+00:00'
[2024-07-10T23:19:58.338+0000] {taskinstance.py:430} INFO - ::endgroup::
[2024-07-10T23:19:58.407+0000] {logging_mixin.py:188} INFO - Добавлен жанр:  драма
[2024-07-10T23:19:58.409+0000] {logging_mixin.py:188} INFO - Добавлен жанр:  комедия
[2024-07-10T23:19:58.411+0000] {logging_mixin.py:188} INFO - Добавлен жанр:  криминал
[2024-07-10T23:19:58.412+0000] {logging_mixin.py:188} INFO - Добавлен жанр:  ужасы
[2024-07-10T23:19:58.414+0000] {logging_mixin.py:188} INFO - Добавлен жанр:  фантастика
[2024-07-10T23:19:58.416+0000] {logging_mixin.py:188} INFO - Добавлен жанр:  триллер
[2024-07-10T23:19:58.417+0000] {logging_mixin.py:188} INFO - Добавлен жанр:  семейный
[2024-07-10T23:19:58.419+0000] {logging_mixin.py:188} INFO - Добавлен жанр:  документальный
[2024-07-10T23:19:58.420+0000] {logging_mixin.py:188} INFO - Добавлен жанр:  биография
[2024-07-10T23:19:58.421+0000] {logging_mixin.py:188} INFO - Добавлен жанр:  боевик
[2024-07-10T23:19:58.423+0000] {logging_mixin.py:188} INFO - Добавлен жанр:  короткометражка
[2024-07-10T23:19:58.424+0000] {logging_mixin.py:188} INFO - Добавлен жанр:  детектив
[2024-07-10T23:19:58.426+0000] {logging_mixin.py:188} INFO - Добавлен жанр:  история
[2024-07-10T23:19:58.427+0000] {logging_mixin.py:188} INFO - Добавлен жанр:  мелодрама
[2024-07-10T23:19:58.429+0000] {logging_mixin.py:188} INFO - Добавлен жанр:  приключения
[2024-07-10T23:19:58.431+0000] {logging_mixin.py:188} INFO - Добавлен жанр:  музыка
[2024-07-10T23:19:58.432+0000] {logging_mixin.py:188} INFO - Добавлен жанр:  военный
[2024-07-10T23:19:58.434+0000] {logging_mixin.py:188} INFO - Добавлен жанр:  фэнтези
[2024-07-10T23:19:58.435+0000] {logging_mixin.py:188} INFO - Добавлен жанр:  мюзикл
[2024-07-10T23:19:58.437+0000] {logging_mixin.py:188} INFO - Добавлен жанр:  спорт
[2024-07-10T23:19:58.438+0000] {logging_mixin.py:188} INFO - Добавлен жанр:  детский
[2024-07-10T23:19:58.440+0000] {logging_mixin.py:188} INFO - Добавлен жанр:  реальное ТВ
[2024-07-10T23:19:58.441+0000] {logging_mixin.py:188} INFO - Добавлен жанр:  вестерн
[2024-07-10T23:19:58.443+0000] {logging_mixin.py:188} INFO - Добавлен жанр:  фильм-нуар
[2024-07-10T23:19:58.446+0000] {logging_mixin.py:188} INFO - Добавлена страна:  США
[2024-07-10T23:19:58.447+0000] {logging_mixin.py:188} INFO - Добавлена страна:  Грузия
[2024-07-10T23:19:58.449+0000] {logging_mixin.py:188} INFO - Добавлена страна:  Россия
[2024-07-10T23:19:58.450+0000] {logging_mixin.py:188} INFO - Добавлена страна:  СССР
[2024-07-10T23:19:58.452+0000] {logging_mixin.py:188} INFO - Добавлена страна:  Чехия
[2024-07-10T23:19:58.453+0000] {logging_mixin.py:188} INFO - Добавлена страна:  Италия
[2024-07-10T23:19:58.455+0000] {logging_mixin.py:188} INFO - Добавлена страна:  Испания
[2024-07-10T23:19:58.456+0000] {logging_mixin.py:188} INFO - Добавлена страна:  Казахстан
[2024-07-10T23:19:58.458+0000] {logging_mixin.py:188} INFO - Добавлена страна:  Греция
[2024-07-10T23:19:58.459+0000] {logging_mixin.py:188} INFO - Добавлена страна:  Франция
[2024-07-10T23:19:58.461+0000] {logging_mixin.py:188} INFO - Добавлена страна:  Япония
[2024-07-10T23:19:58.462+0000] {logging_mixin.py:188} INFO - Добавлена страна:  Нидерланды
[2024-07-10T23:19:58.464+0000] {logging_mixin.py:188} INFO - Добавлена страна:  Швейцария
[2024-07-10T23:19:58.466+0000] {logging_mixin.py:188} INFO - Добавлена страна:  Австралия
[2024-07-10T23:19:58.467+0000] {logging_mixin.py:188} INFO - Добавлена страна:  Словения
[2024-07-10T23:19:58.469+0000] {logging_mixin.py:188} INFO - Добавлена страна:  Хорватия
[2024-07-10T23:19:58.470+0000] {logging_mixin.py:188} INFO - Добавлена страна:  Латвия
[2024-07-10T23:19:58.472+0000] {logging_mixin.py:188} INFO - Добавлена страна:  Великобритания
[2024-07-10T23:19:58.473+0000] {logging_mixin.py:188} INFO - Добавлена страна:  Австрия
[2024-07-10T23:19:58.475+0000] {logging_mixin.py:188} INFO - Добавлена страна:  Чили
[2024-07-10T23:19:58.476+0000] {logging_mixin.py:188} INFO - Добавлена страна:  Португалия
[2024-07-10T23:19:58.478+0000] {logging_mixin.py:188} INFO - Добавлена страна:  Германия
[2024-07-10T23:19:58.479+0000] {logging_mixin.py:188} INFO - Добавлена страна:  Словакия
[2024-07-10T23:19:58.481+0000] {logging_mixin.py:188} INFO - Добавлена страна:  Китай
[2024-07-10T23:19:58.483+0000] {logging_mixin.py:188} INFO - Добавлена страна:  Беларусь
[2024-07-10T23:19:58.485+0000] {logging_mixin.py:188} INFO - Добавлена страна:  Индия
[2024-07-10T23:19:58.486+0000] {logging_mixin.py:188} INFO - Добавлена страна:  Алжир
[2024-07-10T23:19:58.488+0000] {logging_mixin.py:188} INFO - Добавлена страна:  Мексика
[2024-07-10T23:19:58.489+0000] {logging_mixin.py:188} INFO - Добавлена страна:  Канада
[2024-07-10T23:19:58.491+0000] {logging_mixin.py:188} INFO - Добавлена страна:  ОАЭ
[2024-07-10T23:19:58.492+0000] {logging_mixin.py:188} INFO - Добавлена страна:  Турция
[2024-07-10T23:19:58.493+0000] {logging_mixin.py:188} INFO - Добавлена страна:  Коста-Рика
[2024-07-10T23:19:58.495+0000] {logging_mixin.py:188} INFO - Добавлена страна:  Исландия
[2024-07-10T23:19:58.496+0000] {logging_mixin.py:188} INFO - Добавлена страна:  Норвегия
[2024-07-10T23:19:58.498+0000] {logging_mixin.py:188} INFO - Добавлена страна:  Израиль
[2024-07-10T23:19:58.500+0000] {logging_mixin.py:188} INFO - Добавлена страна:  Украина
[2024-07-10T23:19:58.501+0000] {logging_mixin.py:188} INFO - Добавлена страна:  Аргентина
[2024-07-10T23:19:58.502+0000] {logging_mixin.py:188} INFO - Добавлена страна:  Гонконг
[2024-07-10T23:19:58.504+0000] {logging_mixin.py:188} INFO - Добавлена страна:  Бельгия
[2024-07-10T23:19:58.505+0000] {logging_mixin.py:188} INFO - Добавлена страна:  Венгрия
[2024-07-10T23:19:58.507+0000] {logging_mixin.py:188} INFO - Добавлена страна:  Таиланд
[2024-07-10T23:19:58.508+0000] {logging_mixin.py:188} INFO - Добавлена страна:  Польша
[2024-07-10T23:19:58.510+0000] {logging_mixin.py:188} INFO - Добавлена страна:  Дания
[2024-07-10T23:19:58.511+0000] {logging_mixin.py:188} INFO - Добавлена страна:  Швеция
[2024-07-10T23:19:58.512+0000] {logging_mixin.py:188} INFO - Добавлена страна:  Эстония
[2024-07-10T23:19:58.514+0000] {logging_mixin.py:188} INFO - Добавлена страна:  Кыргызстан
[2024-07-10T23:19:58.516+0000] {logging_mixin.py:188} INFO - Добавлена страна:  Новая Зеландия
[2024-07-10T23:19:58.517+0000] {logging_mixin.py:188} INFO - Добавлена страна:  Корея Южная
[2024-07-10T23:19:58.519+0000] {logging_mixin.py:188} INFO - Добавлена страна:  ЮАР
[2024-07-10T23:19:58.520+0000] {logging_mixin.py:188} INFO - Добавлена страна:  Бразилия
[2024-07-10T23:19:58.521+0000] {logging_mixin.py:188} INFO - Добавлена страна:  Филиппины
[2024-07-10T23:19:58.523+0000] {logging_mixin.py:188} INFO - Добавлена страна:  Мальта
[2024-07-10T23:19:58.524+0000] {logging_mixin.py:188} INFO - Добавлена страна:  Уругвай
[2024-07-10T23:19:58.526+0000] {logging_mixin.py:188} INFO - Добавлена страна:  Ирландия
[2024-07-10T23:19:58.527+0000] {logging_mixin.py:188} INFO - Добавлена страна:  Ливан
[2024-07-10T23:19:58.528+0000] {logging_mixin.py:188} INFO - Добавлена страна:  Болгария
[2024-07-10T23:19:58.530+0000] {logging_mixin.py:188} INFO - Добавлена страна:  Доминикана
[2024-07-10T23:19:58.531+0000] {logging_mixin.py:188} INFO - Добавлена страна:  Чехословакия
[2024-07-10T23:19:58.533+0000] {logging_mixin.py:188} INFO - Добавлена страна:  Сербия
[2024-07-10T23:19:58.534+0000] {logging_mixin.py:188} INFO - Добавлена страна:  Германия (ГДР)
[2024-07-10T23:19:58.536+0000] {logging_mixin.py:188} INFO - Добавлена страна:  Кипр
[2024-07-10T23:19:58.537+0000] {logging_mixin.py:188} INFO - Добавлена страна:  Тайвань
[2024-07-10T23:19:58.539+0000] {logging_mixin.py:188} INFO - Добавлена страна:  Люксембург
[2024-07-10T23:19:58.542+0000] {logging_mixin.py:188} INFO - Добавлена страна:  Румыния
[2024-07-10T23:19:58.544+0000] {logging_mixin.py:188} INFO - Добавлена страна:  Колумбия
[2024-07-10T23:19:58.550+0000] {warnings.py:110} WARNING - /opt/airflow/dags/tasks/preprocess_data.py:127: PerformanceWarning: DataFrame is highly fragmented.  This is usually the result of calling `frame.insert` many times, which has poor performance.  Consider joining all columns at once using pd.concat(axis=1) instead. To get a de-fragmented frame, use `newframe = frame.copy()`
  data.loc[:, country] = data["countries"].apply(lambda x: 1 if country in x else 0)

[2024-07-10T23:19:58.550+0000] {logging_mixin.py:188} INFO - Добавлена страна:  Азербайджан
[2024-07-10T23:19:58.552+0000] {warnings.py:110} WARNING - /opt/airflow/dags/tasks/preprocess_data.py:127: PerformanceWarning: DataFrame is highly fragmented.  This is usually the result of calling `frame.insert` many times, which has poor performance.  Consider joining all columns at once using pd.concat(axis=1) instead. To get a de-fragmented frame, use `newframe = frame.copy()`
  data.loc[:, country] = data["countries"].apply(lambda x: 1 if country in x else 0)

[2024-07-10T23:19:58.552+0000] {logging_mixin.py:188} INFO - Добавлена страна:  Вьетнам
[2024-07-10T23:19:58.554+0000] {warnings.py:110} WARNING - /opt/airflow/dags/tasks/preprocess_data.py:127: PerformanceWarning: DataFrame is highly fragmented.  This is usually the result of calling `frame.insert` many times, which has poor performance.  Consider joining all columns at once using pd.concat(axis=1) instead. To get a de-fragmented frame, use `newframe = frame.copy()`
  data.loc[:, country] = data["countries"].apply(lambda x: 1 if country in x else 0)

[2024-07-10T23:19:58.554+0000] {logging_mixin.py:188} INFO - Добавлена страна:  Марокко
[2024-07-10T23:19:58.556+0000] {warnings.py:110} WARNING - /opt/airflow/dags/tasks/preprocess_data.py:127: PerformanceWarning: DataFrame is highly fragmented.  This is usually the result of calling `frame.insert` many times, which has poor performance.  Consider joining all columns at once using pd.concat(axis=1) instead. To get a de-fragmented frame, use `newframe = frame.copy()`
  data.loc[:, country] = data["countries"].apply(lambda x: 1 if country in x else 0)

[2024-07-10T23:19:58.556+0000] {logging_mixin.py:188} INFO - Добавлена страна:  Тунис
[2024-07-10T23:19:58.558+0000] {warnings.py:110} WARNING - /opt/airflow/dags/tasks/preprocess_data.py:127: PerformanceWarning: DataFrame is highly fragmented.  This is usually the result of calling `frame.insert` many times, which has poor performance.  Consider joining all columns at once using pd.concat(axis=1) instead. To get a de-fragmented frame, use `newframe = frame.copy()`
  data.loc[:, country] = data["countries"].apply(lambda x: 1 if country in x else 0)

[2024-07-10T23:19:58.558+0000] {logging_mixin.py:188} INFO - Добавлена страна:  Югославия
[2024-07-10T23:19:58.560+0000] {warnings.py:110} WARNING - /opt/airflow/dags/tasks/preprocess_data.py:127: PerformanceWarning: DataFrame is highly fragmented.  This is usually the result of calling `frame.insert` many times, which has poor performance.  Consider joining all columns at once using pd.concat(axis=1) instead. To get a de-fragmented frame, use `newframe = frame.copy()`
  data.loc[:, country] = data["countries"].apply(lambda x: 1 if country in x else 0)

[2024-07-10T23:19:58.560+0000] {logging_mixin.py:188} INFO - Добавлена страна:  Пакистан
[2024-07-10T23:19:58.561+0000] {warnings.py:110} WARNING - /opt/airflow/dags/tasks/preprocess_data.py:127: PerformanceWarning: DataFrame is highly fragmented.  This is usually the result of calling `frame.insert` many times, which has poor performance.  Consider joining all columns at once using pd.concat(axis=1) instead. To get a de-fragmented frame, use `newframe = frame.copy()`
  data.loc[:, country] = data["countries"].apply(lambda x: 1 if country in x else 0)

[2024-07-10T23:19:58.562+0000] {logging_mixin.py:188} INFO - Добавлена страна:  Перу
[2024-07-10T23:19:58.563+0000] {warnings.py:110} WARNING - /opt/airflow/dags/tasks/preprocess_data.py:127: PerformanceWarning: DataFrame is highly fragmented.  This is usually the result of calling `frame.insert` many times, which has poor performance.  Consider joining all columns at once using pd.concat(axis=1) instead. To get a de-fragmented frame, use `newframe = frame.copy()`
  data.loc[:, country] = data["countries"].apply(lambda x: 1 if country in x else 0)

[2024-07-10T23:19:58.564+0000] {logging_mixin.py:188} INFO - Добавлена страна:  Индонезия
[2024-07-10T23:19:58.566+0000] {warnings.py:110} WARNING - /opt/airflow/dags/tasks/preprocess_data.py:127: PerformanceWarning: DataFrame is highly fragmented.  This is usually the result of calling `frame.insert` many times, which has poor performance.  Consider joining all columns at once using pd.concat(axis=1) instead. To get a de-fragmented frame, use `newframe = frame.copy()`
  data.loc[:, country] = data["countries"].apply(lambda x: 1 if country in x else 0)

[2024-07-10T23:19:58.567+0000] {logging_mixin.py:188} INFO - Добавлена страна:  Малайзия
[2024-07-10T23:19:58.568+0000] {warnings.py:110} WARNING - /opt/airflow/dags/tasks/preprocess_data.py:127: PerformanceWarning: DataFrame is highly fragmented.  This is usually the result of calling `frame.insert` many times, which has poor performance.  Consider joining all columns at once using pd.concat(axis=1) instead. To get a de-fragmented frame, use `newframe = frame.copy()`
  data.loc[:, country] = data["countries"].apply(lambda x: 1 if country in x else 0)

[2024-07-10T23:19:58.569+0000] {logging_mixin.py:188} INFO - Добавлена страна:  Германия (ФРГ)
[2024-07-10T23:19:58.570+0000] {warnings.py:110} WARNING - /opt/airflow/dags/tasks/preprocess_data.py:127: PerformanceWarning: DataFrame is highly fragmented.  This is usually the result of calling `frame.insert` many times, which has poor performance.  Consider joining all columns at once using pd.concat(axis=1) instead. To get a de-fragmented frame, use `newframe = frame.copy()`
  data.loc[:, country] = data["countries"].apply(lambda x: 1 if country in x else 0)

[2024-07-10T23:19:58.571+0000] {logging_mixin.py:188} INFO - Добавлена страна:  Литва
[2024-07-10T23:19:58.572+0000] {warnings.py:110} WARNING - /opt/airflow/dags/tasks/preprocess_data.py:127: PerformanceWarning: DataFrame is highly fragmented.  This is usually the result of calling `frame.insert` many times, which has poor performance.  Consider joining all columns at once using pd.concat(axis=1) instead. To get a de-fragmented frame, use `newframe = frame.copy()`
  data.loc[:, country] = data["countries"].apply(lambda x: 1 if country in x else 0)

[2024-07-10T23:19:58.572+0000] {logging_mixin.py:188} INFO - Добавлена страна:  Армения
[2024-07-10T23:19:58.574+0000] {warnings.py:110} WARNING - /opt/airflow/dags/tasks/preprocess_data.py:127: PerformanceWarning: DataFrame is highly fragmented.  This is usually the result of calling `frame.insert` many times, which has poor performance.  Consider joining all columns at once using pd.concat(axis=1) instead. To get a de-fragmented frame, use `newframe = frame.copy()`
  data.loc[:, country] = data["countries"].apply(lambda x: 1 if country in x else 0)

[2024-07-10T23:19:58.574+0000] {logging_mixin.py:188} INFO - Добавлена страна:  Иран
[2024-07-10T23:19:58.575+0000] {warnings.py:110} WARNING - /opt/airflow/dags/tasks/preprocess_data.py:127: PerformanceWarning: DataFrame is highly fragmented.  This is usually the result of calling `frame.insert` many times, which has poor performance.  Consider joining all columns at once using pd.concat(axis=1) instead. To get a de-fragmented frame, use `newframe = frame.copy()`
  data.loc[:, country] = data["countries"].apply(lambda x: 1 if country in x else 0)

[2024-07-10T23:19:58.576+0000] {logging_mixin.py:188} INFO - Добавлена страна:  Финляндия
[2024-07-10T23:19:58.577+0000] {warnings.py:110} WARNING - /opt/airflow/dags/tasks/preprocess_data.py:127: PerformanceWarning: DataFrame is highly fragmented.  This is usually the result of calling `frame.insert` many times, which has poor performance.  Consider joining all columns at once using pd.concat(axis=1) instead. To get a de-fragmented frame, use `newframe = frame.copy()`
  data.loc[:, country] = data["countries"].apply(lambda x: 1 if country in x else 0)

[2024-07-10T23:19:58.577+0000] {logging_mixin.py:188} INFO - Добавлена страна:  Босния и Герцеговина
[2024-07-10T23:19:58.579+0000] {warnings.py:110} WARNING - /opt/airflow/dags/tasks/preprocess_data.py:127: PerformanceWarning: DataFrame is highly fragmented.  This is usually the result of calling `frame.insert` many times, which has poor performance.  Consider joining all columns at once using pd.concat(axis=1) instead. To get a de-fragmented frame, use `newframe = frame.copy()`
  data.loc[:, country] = data["countries"].apply(lambda x: 1 if country in x else 0)

[2024-07-10T23:19:58.579+0000] {logging_mixin.py:188} INFO - Добавлена страна:  Саудовская Аравия
[2024-07-10T23:19:58.581+0000] {warnings.py:110} WARNING - /opt/airflow/dags/tasks/preprocess_data.py:127: PerformanceWarning: DataFrame is highly fragmented.  This is usually the result of calling `frame.insert` many times, which has poor performance.  Consider joining all columns at once using pd.concat(axis=1) instead. To get a de-fragmented frame, use `newframe = frame.copy()`
  data.loc[:, country] = data["countries"].apply(lambda x: 1 if country in x else 0)

[2024-07-10T23:19:58.581+0000] {logging_mixin.py:188} INFO - Добавлена страна:  Катар
[2024-07-10T23:19:58.582+0000] {warnings.py:110} WARNING - /opt/airflow/dags/tasks/preprocess_data.py:127: PerformanceWarning: DataFrame is highly fragmented.  This is usually the result of calling `frame.insert` many times, which has poor performance.  Consider joining all columns at once using pd.concat(axis=1) instead. To get a de-fragmented frame, use `newframe = frame.copy()`
  data.loc[:, country] = data["countries"].apply(lambda x: 1 if country in x else 0)

[2024-07-10T23:19:58.583+0000] {logging_mixin.py:188} INFO - Добавлена страна:  Сингапур
[2024-07-10T23:19:58.584+0000] {warnings.py:110} WARNING - /opt/airflow/dags/tasks/preprocess_data.py:127: PerformanceWarning: DataFrame is highly fragmented.  This is usually the result of calling `frame.insert` many times, which has poor performance.  Consider joining all columns at once using pd.concat(axis=1) instead. To get a de-fragmented frame, use `newframe = frame.copy()`
  data.loc[:, country] = data["countries"].apply(lambda x: 1 if country in x else 0)

[2024-07-10T23:19:58.585+0000] {logging_mixin.py:188} INFO - Добавлена страна:  Эквадор
[2024-07-10T23:19:58.586+0000] {warnings.py:110} WARNING - /opt/airflow/dags/tasks/preprocess_data.py:127: PerformanceWarning: DataFrame is highly fragmented.  This is usually the result of calling `frame.insert` many times, which has poor performance.  Consider joining all columns at once using pd.concat(axis=1) instead. To get a de-fragmented frame, use `newframe = frame.copy()`
  data.loc[:, country] = data["countries"].apply(lambda x: 1 if country in x else 0)

[2024-07-10T23:19:58.587+0000] {logging_mixin.py:188} INFO - Добавлена страна:  Египет
[2024-07-10T23:19:58.588+0000] {warnings.py:110} WARNING - /opt/airflow/dags/tasks/preprocess_data.py:127: PerformanceWarning: DataFrame is highly fragmented.  This is usually the result of calling `frame.insert` many times, which has poor performance.  Consider joining all columns at once using pd.concat(axis=1) instead. To get a de-fragmented frame, use `newframe = frame.copy()`
  data.loc[:, country] = data["countries"].apply(lambda x: 1 if country in x else 0)

[2024-07-10T23:19:58.588+0000] {logging_mixin.py:188} INFO - Добавлена страна:  Багамы
[2024-07-10T23:19:58.590+0000] {warnings.py:110} WARNING - /opt/airflow/dags/tasks/preprocess_data.py:127: PerformanceWarning: DataFrame is highly fragmented.  This is usually the result of calling `frame.insert` many times, which has poor performance.  Consider joining all columns at once using pd.concat(axis=1) instead. To get a de-fragmented frame, use `newframe = frame.copy()`
  data.loc[:, country] = data["countries"].apply(lambda x: 1 if country in x else 0)

[2024-07-10T23:19:58.590+0000] {logging_mixin.py:188} INFO - Добавлена страна:  Пуэрто Рико
[2024-07-10T23:19:58.592+0000] {warnings.py:110} WARNING - /opt/airflow/dags/tasks/preprocess_data.py:127: PerformanceWarning: DataFrame is highly fragmented.  This is usually the result of calling `frame.insert` many times, which has poor performance.  Consider joining all columns at once using pd.concat(axis=1) instead. To get a de-fragmented frame, use `newframe = frame.copy()`
  data.loc[:, country] = data["countries"].apply(lambda x: 1 if country in x else 0)

[2024-07-10T23:19:58.592+0000] {logging_mixin.py:188} INFO - Добавлена страна:  Монако
[2024-07-10T23:19:58.593+0000] {warnings.py:110} WARNING - /opt/airflow/dags/tasks/preprocess_data.py:127: PerformanceWarning: DataFrame is highly fragmented.  This is usually the result of calling `frame.insert` many times, which has poor performance.  Consider joining all columns at once using pd.concat(axis=1) instead. To get a de-fragmented frame, use `newframe = frame.copy()`
  data.loc[:, country] = data["countries"].apply(lambda x: 1 if country in x else 0)

[2024-07-10T23:19:58.594+0000] {logging_mixin.py:188} INFO - Добавлена страна:  Руанда
[2024-07-10T23:19:58.595+0000] {warnings.py:110} WARNING - /opt/airflow/dags/tasks/preprocess_data.py:127: PerformanceWarning: DataFrame is highly fragmented.  This is usually the result of calling `frame.insert` many times, which has poor performance.  Consider joining all columns at once using pd.concat(axis=1) instead. To get a de-fragmented frame, use `newframe = frame.copy()`
  data.loc[:, country] = data["countries"].apply(lambda x: 1 if country in x else 0)

[2024-07-10T23:19:58.595+0000] {logging_mixin.py:188} INFO - Добавлена страна:  Ватикан
[2024-07-10T23:19:58.597+0000] {warnings.py:110} WARNING - /opt/airflow/dags/tasks/preprocess_data.py:127: PerformanceWarning: DataFrame is highly fragmented.  This is usually the result of calling `frame.insert` many times, which has poor performance.  Consider joining all columns at once using pd.concat(axis=1) instead. To get a de-fragmented frame, use `newframe = frame.copy()`
  data.loc[:, country] = data["countries"].apply(lambda x: 1 if country in x else 0)

[2024-07-10T23:19:58.597+0000] {logging_mixin.py:188} INFO - Добавлена страна:  Панама
[2024-07-10T23:19:58.599+0000] {warnings.py:110} WARNING - /opt/airflow/dags/tasks/preprocess_data.py:127: PerformanceWarning: DataFrame is highly fragmented.  This is usually the result of calling `frame.insert` many times, which has poor performance.  Consider joining all columns at once using pd.concat(axis=1) instead. To get a de-fragmented frame, use `newframe = frame.copy()`
  data.loc[:, country] = data["countries"].apply(lambda x: 1 if country in x else 0)

[2024-07-10T23:19:58.600+0000] {logging_mixin.py:188} INFO - Добавлена страна:  Молдова
[2024-07-10T23:19:58.601+0000] {warnings.py:110} WARNING - /opt/airflow/dags/tasks/preprocess_data.py:127: PerformanceWarning: DataFrame is highly fragmented.  This is usually the result of calling `frame.insert` many times, which has poor performance.  Consider joining all columns at once using pd.concat(axis=1) instead. To get a de-fragmented frame, use `newframe = frame.copy()`
  data.loc[:, country] = data["countries"].apply(lambda x: 1 if country in x else 0)

[2024-07-10T23:19:58.602+0000] {logging_mixin.py:188} INFO - Добавлена страна:  Аруба
[2024-07-10T23:19:58.603+0000] {warnings.py:110} WARNING - /opt/airflow/dags/tasks/preprocess_data.py:127: PerformanceWarning: DataFrame is highly fragmented.  This is usually the result of calling `frame.insert` many times, which has poor performance.  Consider joining all columns at once using pd.concat(axis=1) instead. To get a de-fragmented frame, use `newframe = frame.copy()`
  data.loc[:, country] = data["countries"].apply(lambda x: 1 if country in x else 0)

[2024-07-10T23:19:58.603+0000] {logging_mixin.py:188} INFO - Добавлена страна:  Монголия
[2024-07-10T23:19:58.606+0000] {warnings.py:110} WARNING - /opt/airflow/dags/tasks/preprocess_data.py:55: PerformanceWarning: DataFrame is highly fragmented.  This is usually the result of calling `frame.insert` many times, which has poor performance.  Consider joining all columns at once using pd.concat(axis=1) instead. To get a de-fragmented frame, use `newframe = frame.copy()`
  data[f"{feature}_transformed"] = le.transform(data[feature])

[2024-07-10T23:19:58.616+0000] {base.py:84} INFO - Using connection ID 'minio' for task execution.
[2024-07-10T23:19:58.616+0000] {connection_wrapper.py:384} INFO - AWS Connection (conn_id='minio', conn_type='aws') credentials retrieved from login and password.
[2024-07-10T23:20:03.603+0000] {taskinstance.py:441} INFO - ::group::Post task execution logs
[2024-07-10T23:20:03.604+0000] {taskinstance.py:2905} ERROR - Task failed with exception
Traceback (most recent call last):
  File "/home/airflow/.local/lib/python3.12/site-packages/urllib3/connectionpool.py", line 793, in urlopen
    response = self._make_request(
               ^^^^^^^^^^^^^^^^^^^
  File "/home/airflow/.local/lib/python3.12/site-packages/urllib3/connectionpool.py", line 537, in _make_request
    response = conn.getresponse()
               ^^^^^^^^^^^^^^^^^^
  File "/home/airflow/.local/lib/python3.12/site-packages/urllib3/connection.py", line 466, in getresponse
    httplib_response = super().getresponse()
                       ^^^^^^^^^^^^^^^^^^^^^
  File "/usr/local/lib/python3.12/http/client.py", line 1428, in getresponse
    response.begin()
  File "/usr/local/lib/python3.12/http/client.py", line 331, in begin
    version, status, reason = self._read_status()
                              ^^^^^^^^^^^^^^^^^^^
  File "/usr/local/lib/python3.12/http/client.py", line 313, in _read_status
    raise BadStatusLine(line)
http.client.BadStatusLine: User-Agent: Boto3/1.34.69 md/Botocore#1.34.69 ua/2.0 os/linux#5.15.153.1-mirosoft-standard-WSL2 md/arch#x86_64 lang/python#3.12.3 md/pyimpl#CPython cfg/retry-mode#legacy Botocore/1 34.69 Airflow/2.9.1 AmPP/8.20.0 Caller/PythonOpertor DagRunKey/e775fa05-e81e-5206-b550-ff7afb52a69a


During handling of the above exception, another exception occurred:

Traceback (most recent call last):
  File "/home/airflow/.local/lib/python3.12/site-packages/botocore/httpsession.py", line 464, in send
    urllib_response = conn.urlopen(
                      ^^^^^^^^^^^^^
  File "/home/airflow/.local/lib/python3.12/site-packages/urllib3/connectionpool.py", line 847, in urlopen
    retries = retries.increment(
              ^^^^^^^^^^^^^^^^^^
  File "/home/airflow/.local/lib/python3.12/site-packages/urllib3/util/retry.py", line 445, in increment
    raise reraise(type(error), error, _stacktrace)
          ^^^^^^^^^^^^^^^^^^^^^^^^^^^^^^^^^^^^^^^^
  File "/home/airflow/.local/lib/python3.12/site-packages/urllib3/util/util.py", line 38, in reraise
    raise value.with_traceback(tb)
  File "/home/airflow/.local/lib/python3.12/site-packages/urllib3/connectionpool.py", line 793, in urlopen
    response = self._make_request(
               ^^^^^^^^^^^^^^^^^^^
  File "/home/airflow/.local/lib/python3.12/site-packages/urllib3/connectionpool.py", line 537, in _make_request
    response = conn.getresponse()
               ^^^^^^^^^^^^^^^^^^
  File "/home/airflow/.local/lib/python3.12/site-packages/urllib3/connection.py", line 466, in getresponse
    httplib_response = super().getresponse()
                       ^^^^^^^^^^^^^^^^^^^^^
  File "/usr/local/lib/python3.12/http/client.py", line 1428, in getresponse
    response.begin()
  File "/usr/local/lib/python3.12/http/client.py", line 331, in begin
    version, status, reason = self._read_status()
                              ^^^^^^^^^^^^^^^^^^^
  File "/usr/local/lib/python3.12/http/client.py", line 313, in _read_status
    raise BadStatusLine(line)
urllib3.exceptions.ProtocolError: ('Connection aborted.', BadStatusLine('User-Agent: Boto3/1.34.69 md/Botocore#1.34.69 ua/2.0 os/linux#5.15.153.1-mi\x01rosoft-standard-WSL2 md/arch#x86_64 lang/python#3.12.3 md/pyimpl#CPython cfg/retry-mode#legacy Botocore/1\x0034.69 Airflow/2.9.1 AmPP/8.20.0 Caller/PythonOper\x01tor DagRunKey/e775fa05-e81e-5206-b550-ff7afb52a69a\r\n'))

During handling of the above exception, another exception occurred:

Traceback (most recent call last):
  File "/home/airflow/.local/lib/python3.12/site-packages/airflow/models/taskinstance.py", line 465, in _execute_task
    result = _execute_callable(context=context, **execute_callable_kwargs)
             ^^^^^^^^^^^^^^^^^^^^^^^^^^^^^^^^^^^^^^^^^^^^^^^^^^^^^^^^^^^^^
  File "/home/airflow/.local/lib/python3.12/site-packages/airflow/models/taskinstance.py", line 432, in _execute_callable
    return execute_callable(context=context, **execute_callable_kwargs)
           ^^^^^^^^^^^^^^^^^^^^^^^^^^^^^^^^^^^^^^^^^^^^^^^^^^^^^^^^^^^^
  File "/home/airflow/.local/lib/python3.12/site-packages/airflow/models/baseoperator.py", line 400, in wrapper
    return func(self, *args, **kwargs)
           ^^^^^^^^^^^^^^^^^^^^^^^^^^^
  File "/home/airflow/.local/lib/python3.12/site-packages/airflow/operators/python.py", line 235, in execute
    return_value = self.execute_callable()
                   ^^^^^^^^^^^^^^^^^^^^^^^
  File "/home/airflow/.local/lib/python3.12/site-packages/airflow/operators/python.py", line 252, in execute_callable
    return self.python_callable(*self.op_args, **self.op_kwargs)
           ^^^^^^^^^^^^^^^^^^^^^^^^^^^^^^^^^^^^^^^^^^^^^^^^^^^^^
  File "/opt/airflow/dags/tasks/preprocess_data.py", line 134, in preprocess_data
    data = convert_to_binary_feature(data, "decade")
           ^^^^^^^^^^^^^^^^^^^^^^^^^^^^^^^^^^^^^^^^^
  File "/opt/airflow/dags/tasks/preprocess_data.py", line 60, in convert_to_binary_feature
    save_model(le, path, key)
  File "/opt/airflow/dags/tasks/preprocess_data.py", line 45, in save_model
    s3_hook.load_file(filename=path, key=key, bucket_name="models", replace=True)
  File "/home/airflow/.local/lib/python3.12/site-packages/airflow/providers/amazon/aws/hooks/s3.py", line 135, in wrapper
    return func(*bound_args.args, **bound_args.kwargs)
           ^^^^^^^^^^^^^^^^^^^^^^^^^^^^^^^^^^^^^^^^^^^
  File "/home/airflow/.local/lib/python3.12/site-packages/airflow/providers/amazon/aws/hooks/s3.py", line 89, in wrapper
    return func(*bound_args.args, **bound_args.kwargs)
           ^^^^^^^^^^^^^^^^^^^^^^^^^^^^^^^^^^^^^^^^^^^
  File "/home/airflow/.local/lib/python3.12/site-packages/airflow/providers/amazon/aws/hooks/s3.py", line 1098, in load_file
    client.upload_file(filename, bucket_name, key, ExtraArgs=extra_args, Config=self.transfer_config)
  File "/home/airflow/.local/lib/python3.12/site-packages/boto3/s3/inject.py", line 145, in upload_file
    return transfer.upload_file(
           ^^^^^^^^^^^^^^^^^^^^^
  File "/home/airflow/.local/lib/python3.12/site-packages/boto3/s3/transfer.py", line 371, in upload_file
    future.result()
  File "/home/airflow/.local/lib/python3.12/site-packages/s3transfer/futures.py", line 103, in result
    return self._coordinator.result()
           ^^^^^^^^^^^^^^^^^^^^^^^^^^
  File "/home/airflow/.local/lib/python3.12/site-packages/s3transfer/futures.py", line 266, in result
    raise self._exception
  File "/home/airflow/.local/lib/python3.12/site-packages/s3transfer/tasks.py", line 139, in __call__
    return self._execute_main(kwargs)
           ^^^^^^^^^^^^^^^^^^^^^^^^^^
  File "/home/airflow/.local/lib/python3.12/site-packages/s3transfer/tasks.py", line 162, in _execute_main
    return_value = self._main(**kwargs)
                   ^^^^^^^^^^^^^^^^^^^^
  File "/home/airflow/.local/lib/python3.12/site-packages/s3transfer/upload.py", line 764, in _main
    client.put_object(Bucket=bucket, Key=key, Body=body, **extra_args)
  File "/home/airflow/.local/lib/python3.12/site-packages/botocore/client.py", line 553, in _api_call
    return self._make_api_call(operation_name, kwargs)
           ^^^^^^^^^^^^^^^^^^^^^^^^^^^^^^^^^^^^^^^^^^^
  File "/home/airflow/.local/lib/python3.12/site-packages/botocore/client.py", line 989, in _make_api_call
    http, parsed_response = self._make_request(
                            ^^^^^^^^^^^^^^^^^^^
  File "/home/airflow/.local/lib/python3.12/site-packages/botocore/client.py", line 1015, in _make_request
    return self._endpoint.make_request(operation_model, request_dict)
           ^^^^^^^^^^^^^^^^^^^^^^^^^^^^^^^^^^^^^^^^^^^^^^^^^^^^^^^^^^
  File "/home/airflow/.local/lib/python3.12/site-packages/botocore/endpoint.py", line 119, in make_request
    return self._send_request(request_dict, operation_model)
           ^^^^^^^^^^^^^^^^^^^^^^^^^^^^^^^^^^^^^^^^^^^^^^^^^
  File "/home/airflow/.local/lib/python3.12/site-packages/botocore/endpoint.py", line 202, in _send_request
    while self._needs_retry(
          ^^^^^^^^^^^^^^^^^^
  File "/home/airflow/.local/lib/python3.12/site-packages/botocore/endpoint.py", line 354, in _needs_retry
    responses = self._event_emitter.emit(
                ^^^^^^^^^^^^^^^^^^^^^^^^^
  File "/home/airflow/.local/lib/python3.12/site-packages/botocore/hooks.py", line 412, in emit
    return self._emitter.emit(aliased_event_name, **kwargs)
           ^^^^^^^^^^^^^^^^^^^^^^^^^^^^^^^^^^^^^^^^^^^^^^^^
  File "/home/airflow/.local/lib/python3.12/site-packages/botocore/hooks.py", line 256, in emit
    return self._emit(event_name, kwargs)
           ^^^^^^^^^^^^^^^^^^^^^^^^^^^^^^
  File "/home/airflow/.local/lib/python3.12/site-packages/botocore/hooks.py", line 239, in _emit
    response = handler(**kwargs)
               ^^^^^^^^^^^^^^^^^
  File "/home/airflow/.local/lib/python3.12/site-packages/botocore/retryhandler.py", line 207, in __call__
    if self._checker(**checker_kwargs):
       ^^^^^^^^^^^^^^^^^^^^^^^^^^^^^^^
  File "/home/airflow/.local/lib/python3.12/site-packages/botocore/retryhandler.py", line 284, in __call__
    should_retry = self._should_retry(
                   ^^^^^^^^^^^^^^^^^^^
  File "/home/airflow/.local/lib/python3.12/site-packages/botocore/retryhandler.py", line 320, in _should_retry
    return self._checker(attempt_number, response, caught_exception)
           ^^^^^^^^^^^^^^^^^^^^^^^^^^^^^^^^^^^^^^^^^^^^^^^^^^^^^^^^^
  File "/home/airflow/.local/lib/python3.12/site-packages/botocore/retryhandler.py", line 363, in __call__
    checker_response = checker(
                       ^^^^^^^^
  File "/home/airflow/.local/lib/python3.12/site-packages/botocore/retryhandler.py", line 247, in __call__
    return self._check_caught_exception(
           ^^^^^^^^^^^^^^^^^^^^^^^^^^^^^
  File "/home/airflow/.local/lib/python3.12/site-packages/botocore/retryhandler.py", line 416, in _check_caught_exception
    raise caught_exception
  File "/home/airflow/.local/lib/python3.12/site-packages/botocore/endpoint.py", line 281, in _do_get_response
    http_response = self._send(request)
                    ^^^^^^^^^^^^^^^^^^^
  File "/home/airflow/.local/lib/python3.12/site-packages/botocore/endpoint.py", line 377, in _send
    return self.http_session.send(request)
           ^^^^^^^^^^^^^^^^^^^^^^^^^^^^^^^
  File "/home/airflow/.local/lib/python3.12/site-packages/botocore/httpsession.py", line 503, in send
    raise ConnectionClosedError(
botocore.exceptions.ConnectionClosedError: Connection was closed before we received a valid response from endpoint URL: "http://host.docker.internal:9000/models/label_encoder_decade.pkl".
[2024-07-10T23:20:03.613+0000] {taskinstance.py:1206} INFO - Marking task as UP_FOR_RETRY. dag_id=model_training_v78, task_id=preprocess_data, run_id=scheduled__2024-07-09T00:00:00+00:00, execution_date=20240709T000000, start_date=20240710T231958, end_date=20240710T232003
[2024-07-10T23:20:03.623+0000] {standard_task_runner.py:110} ERROR - Failed to execute job 147 for task preprocess_data (Connection was closed before we received a valid response from endpoint URL: "http://host.docker.internal:9000/models/label_encoder_decade.pkl".; 6526)
[2024-07-10T23:20:03.670+0000] {local_task_job_runner.py:240} INFO - Task exited with return code 1
[2024-07-10T23:20:03.681+0000] {taskinstance.py:3498} INFO - 0 downstream tasks scheduled from follow-on schedule check
[2024-07-10T23:20:03.683+0000] {local_task_job_runner.py:222} INFO - ::endgroup::
